[main 0073315] 🤖 [AutoPush] Hourly sync at 2025-09-26 07:00:01
 1 file changed, 0 insertions(+), 0 deletions(-)
 create mode 100644 logs/autopush.log
To github.com:InfinityXone/genesis-ai-link.git
   ee0ffe1..0073315  main -> main
On branch main
Your branch is up to date with 'origin/main'.

nothing to commit, working tree clean
Nothing to commit
Everything up-to-date
On branch main
Your branch is up to date with 'origin/main'.

nothing to commit, working tree clean
Nothing to commit
Everything up-to-date
On branch main
Your branch is up to date with 'origin/main'.

nothing to commit, working tree clean
Nothing to commit
Everything up-to-date
On branch main
Your branch is up to date with 'origin/main'.

nothing to commit, working tree clean
Nothing to commit
Everything up-to-date
[main 76a70a4] 🤖 [AutoPush] Hourly sync at 2025-09-26 13:00:01
 1 file changed, 1 insertion(+), 1 deletion(-)
To github.com:InfinityXone/genesis-ai-link.git
   e7f8d39..76a70a4  main -> main
[main e2ae150] 🤖 [AutoPush] Hourly sync at 2025-09-26 14:00:01
 2 files changed, 62 insertions(+)
 create mode 100755 scripts/sync_to_mnt_data.py
To github.com:InfinityXone/genesis-ai-link.git
   5d5940f..e2ae150  main -> main
On branch main
Your branch is up to date with 'origin/main'.

nothing to commit, working tree clean
Nothing to commit
Everything up-to-date
On branch main
Your branch is up to date with 'origin/main'.

nothing to commit, working tree clean
Nothing to commit
Everything up-to-date
On branch main
Your branch is up to date with 'origin/main'.

nothing to commit, working tree clean
Nothing to commit
Everything up-to-date
On branch main
Your branch is up to date with 'origin/main'.

nothing to commit, working tree clean
Nothing to commit
Everything up-to-date
On branch main
Your branch is up to date with 'origin/main'.

nothing to commit, working tree clean
Nothing to commit
To github.com:InfinityXone/genesis-ai-link.git
 ! [rejected]        main -> main (non-fast-forward)
error: failed to push some refs to 'github.com:InfinityXone/genesis-ai-link.git'
hint: Updates were rejected because the tip of your current branch is behind
hint: its remote counterpart. Integrate the remote changes (e.g.
hint: 'git pull ...') before pushing again.
hint: See the 'Note about fast-forwards' in 'git push --help' for details.
On branch main
Your branch is up to date with 'origin/main'.

nothing to commit, working tree clean
Nothing to commit
Everything up-to-date
On branch main
Your branch is up to date with 'origin/main'.

nothing to commit, working tree clean
Nothing to commit
Everything up-to-date
On branch main
Your branch is up to date with 'origin/main'.

nothing to commit, working tree clean
Nothing to commit
Everything up-to-date
On branch main
Your branch is up to date with 'origin/main'.

nothing to commit, working tree clean
Nothing to commit
To github.com:InfinityXone/genesis-ai-link.git
 ! [rejected]        main -> main (non-fast-forward)
error: failed to push some refs to 'github.com:InfinityXone/genesis-ai-link.git'
hint: Updates were rejected because the tip of your current branch is behind
hint: its remote counterpart. Integrate the remote changes (e.g.
hint: 'git pull ...') before pushing again.
hint: See the 'Note about fast-forwards' in 'git push --help' for details.
On branch main
Your branch is up to date with 'origin/main'.

nothing to commit, working tree clean
Nothing to commit
Everything up-to-date
On branch main
Your branch is up to date with 'origin/main'.

nothing to commit, working tree clean
Nothing to commit
Everything up-to-date
On branch main
Your branch is up to date with 'origin/main'.

nothing to commit, working tree clean
Nothing to commit
Everything up-to-date
On branch main
Your branch is up to date with 'origin/main'.

nothing to commit, working tree clean
Nothing to commit
Everything up-to-date
On branch main
Your branch is up to date with 'origin/main'.

nothing to commit, working tree clean
Nothing to commit
Everything up-to-date
On branch main
Your branch is up to date with 'origin/main'.

nothing to commit, working tree clean
Nothing to commit
Everything up-to-date
On branch main
Your branch is up to date with 'origin/main'.

nothing to commit, working tree clean
Nothing to commit
Everything up-to-date
/home/infinityxone/genesis-ai-link/scripts/autopush.sh: fork: retry: Resource temporarily unavailable
On branch main
Your branch is up to date with 'origin/main'.

Changes not staged for commit:
  (use "git add <file>..." to update what will be committed)
  (use "git restore <file>..." to discard changes in working directory)
	modified:   logs/autopush.log

no changes added to commit (use "git add" and/or "git commit -a")
Nothing to commit
Everything up-to-date
On branch main
Your branch is up to date with 'origin/main'.

nothing to commit, working tree clean
Nothing to commit
Everything up-to-date
On branch main
Your branch is up to date with 'origin/main'.

nothing to commit, working tree clean
Nothing to commit
Everything up-to-date
On branch main
Your branch is up to date with 'origin/main'.

nothing to commit, working tree clean
Nothing to commit
Everything up-to-date
On branch main
Your branch is up to date with 'origin/main'.

nothing to commit, working tree clean
Nothing to commit
Everything up-to-date
On branch main
Your branch is up to date with 'origin/main'.

nothing to commit, working tree clean
Nothing to commit
Everything up-to-date
On branch main
Your branch is up to date with 'origin/main'.

nothing to commit, working tree clean
Nothing to commit
Everything up-to-date
On branch main
Your branch is up to date with 'origin/main'.

nothing to commit, working tree clean
Nothing to commit
Everything up-to-date
On branch main
Your branch is up to date with 'origin/main'.

nothing to commit, working tree clean
Nothing to commit
Everything up-to-date
On branch main
Your branch is up to date with 'origin/main'.

nothing to commit, working tree clean
Nothing to commit
Everything up-to-date
On branch main
Your branch is up to date with 'origin/main'.

nothing to commit, working tree clean
Nothing to commit
Everything up-to-date
On branch main
Your branch is up to date with 'origin/main'.

nothing to commit, working tree clean
Nothing to commit
Everything up-to-date
On branch main
Your branch is up to date with 'origin/main'.

nothing to commit, working tree clean
Nothing to commit
Everything up-to-date
On branch main
Your branch is up to date with 'origin/main'.

nothing to commit, working tree clean
Nothing to commit
Everything up-to-date
On branch main
Your branch is up to date with 'origin/main'.

nothing to commit, working tree clean
Nothing to commit
Everything up-to-date
On branch main
Your branch is up to date with 'origin/main'.

nothing to commit, working tree clean
Nothing to commit
Everything up-to-date
